<?xml version="1.0" encoding="UTF-8"?>
<!-- Generated by org.testng.reporters.JUnitReportReporter -->
<testsuite skipped="0" hostname="Kshtty" name="practice.DataProvider_Excel" tests="4" failures="0" timestamp="2023-05-30T12:38:06 IST" time="0.022" errors="0">
  <testcase name="getData" time="0.002" classname="practice.DataProvider_Excel"/>
  <system-out/>
  <testcase name="getData" time="0.008" classname="practice.DataProvider_Excel"/>
  <system-out/>
  <testcase name="getData" time="0.010" classname="practice.DataProvider_Excel"/>
  <system-out/>
  <testcase name="getData" time="0.002" classname="practice.DataProvider_Excel"/>
  <system-out/>
</testsuite> <!-- practice.DataProvider_Excel -->
