<?xml version="1.0" encoding="UTF-8"?>
<!-- Generated by org.testng.reporters.JUnitReportReporter -->
<testsuite skipped="0" hostname="Kshtty" name="Insert_product_testScript" tests="1" failures="0" timestamp="2023-05-25T11:10:31 IST" time="10.548" errors="0">
  <testcase name="insertProduct" time="10.548" classname="Insert_product_testScript"/>
  <system-out/>
</testsuite> <!-- Insert_product_testScript -->
