<?xml version="1.0" encoding="UTF-8"?>
<!-- Generated by org.testng.reporters.JUnitReportReporter -->
<testsuite skipped="0" hostname="Kshtty" name="practice.TestNGTest" tests="3" failures="0" timestamp="2023-05-23T17:23:10 IST" time="0.092" errors="0">
  <testcase name="update" time="0.002" classname="practice.TestNGTest"/>
  <system-out/>
  <testcase name="create" time="0.088" classname="practice.TestNGTest"/>
  <system-out/>
  <testcase name="delete" time="0.002" classname="practice.TestNGTest"/>
  <system-out/>
</testsuite> <!-- practice.TestNGTest -->
