<?xml version="1.0" encoding="UTF-8"?>
<!-- Generated by org.testng.reporters.JUnitReportReporter -->
<testsuite hostname="Kshtty" failures="0" tests="1" name="practice.A" time="1.447" errors="0" timestamp="2023-06-09T20:01:37 IST" skipped="0">
  <testcase classname="practice.A" name="main" time="1.447"/>
  <system-out/>
</testsuite> <!-- practice.A -->
