<?xml version="1.0" encoding="UTF-8"?>
<!-- Generated by org.testng.reporters.JUnitReportReporter -->
<testsuite hostname="Kshtty" failures="0" tests="1" name="practice.AmazonTask" time="168.500" errors="0" timestamp="2023-07-04T13:05:04 IST" skipped="0">
  <testcase classname="practice.AmazonTask" name="m1" time="168.500"/>
  <system-out/>
</testsuite> <!-- practice.AmazonTask -->
