<?xml version="1.0" encoding="UTF-8"?>
<!-- Generated by org.testng.reporters.JUnitReportReporter -->
<testsuite skipped="0" hostname="Kshtty" name="brinyTime_tests.Search_Product_Script" tests="1" failures="0" timestamp="2023-05-29T16:33:22 IST" time="33.079" errors="0">
  <testcase name="searchProduct" time="33.079" classname="brinyTime_tests.Search_Product_Script"/>
  <system-out>
    <![CDATA[Searched product present]]>
  </system-out>
</testsuite> <!-- brinyTime_tests.Search_Product_Script -->
