<?xml version="1.0" encoding="UTF-8"?>
<!-- Generated by org.testng.reporters.JUnitReportReporter -->
<testsuite skipped="0" hostname="Kshtty" name="brinyTime_tests.Insert_product_testScript" tests="1" failures="0" timestamp="2023-05-26T18:34:24 IST" time="23.529" errors="0">
  <testcase name="insertProduct" time="23.529" classname="brinyTime_tests.Insert_product_testScript"/>
  <system-out/>
</testsuite> <!-- brinyTime_tests.Insert_product_testScript -->
