<?xml version="1.0" encoding="UTF-8"?>
<!-- Generated by org.testng.reporters.JUnitReportReporter -->
<testsuite hostname="Kshtty" failures="0" tests="1" name="PrakashSir" time="74.933" errors="0" timestamp="2023-07-06T07:41:59 IST" skipped="0">
  <testcase classname="PrakashSir" name="m1" time="74.933"/>
  <system-out/>
</testsuite> <!-- PrakashSir -->
