<?xml version="1.0" encoding="UTF-8"?>
<!-- Generated by org.testng.reporters.JUnitReportReporter -->
<testsuite skipped="0" hostname="Kshtty" name="brinyTime_tests.Create_subcat_testscriptTest" tests="1" failures="0" timestamp="2023-05-29T12:20:57 IST" time="27.280" errors="0">
  <testcase name="createSubcategory" time="27.280" classname="brinyTime_tests.Create_subcat_testscriptTest"/>
  <system-out/>
</testsuite> <!-- brinyTime_tests.Create_subcat_testscriptTest -->
