<?xml version="1.0" encoding="UTF-8"?>
<!-- Generated by org.testng.reporters.JUnitReportReporter -->
<testsuite skipped="0" hostname="Kshtty" name="Create_Category_Script" tests="1" failures="0" timestamp="2023-05-25T11:36:40 IST" time="5.235" errors="0">
  <testcase name="createCategory" time="5.235" classname="Create_Category_Script"/>
  <system-out/>
</testsuite> <!-- Create_Category_Script -->
