<?xml version="1.0" encoding="UTF-8"?>
<!-- Generated by org.testng.reporters.JUnitReportReporter -->
<testsuite hostname="Kshtty" failures="0" tests="1" name="brinyTime_tests.Create_Category_ScriptTest" time="18.822" errors="0" timestamp="2023-06-02T12:40:47 IST" skipped="0">
  <testcase classname="brinyTime_tests.Create_Category_ScriptTest" name="createCategory" time="18.822"/>
  <system-out/>
</testsuite> <!-- brinyTime_tests.Create_Category_ScriptTest -->
