<?xml version="1.0" encoding="UTF-8"?>
<!-- Generated by org.testng.reporters.JUnitReportReporter -->
<testsuite hostname="Kshtty" failures="0" tests="5" name="practice.Map_DataProvider" time="0.023" errors="0" timestamp="2023-07-04T14:39:38 IST" skipped="0">
  <testcase classname="practice.Map_DataProvider" name="getData" time="0.003"/>
  <system-out/>
  <testcase classname="practice.Map_DataProvider" name="getData" time="0.001"/>
  <system-out/>
  <testcase classname="practice.Map_DataProvider" name="getData" time="0.013"/>
  <system-out/>
  <testcase classname="practice.Map_DataProvider" name="getData" time="0.003"/>
  <system-out/>
  <testcase classname="practice.Map_DataProvider" name="getData" time="0.003"/>
  <system-out/>
</testsuite> <!-- practice.Map_DataProvider -->
