<?xml version="1.0" encoding="UTF-8"?>
<!-- Generated by org.testng.reporters.JUnitReportReporter -->
<testsuite skipped="0" hostname="Kshtty" name="practice.AnnotationTest" tests="3" failures="0" timestamp="2023-05-28T20:03:04 IST" time="0.036" errors="0">
  <testcase name="delete" time="0.018" classname="practice.AnnotationTest"/>
  <system-out/>
  <testcase name="update" time="0.014" classname="practice.AnnotationTest"/>
  <system-out/>
  <testcase name="create" time="0.004" classname="practice.AnnotationTest"/>
  <system-out/>
</testsuite> <!-- practice.AnnotationTest -->
